<?xml version="1.0" encoding="UTF-8"?>
<!-- Generated by org.testng.reporters.JUnitXMLReporter -->
<testsuite hostname="amw-g1" ignored="0" name="FirefoxTest" tests="6" failures="1" timestamp="22 Feb 2018 13:08:10 GMT" time="108.0" errors="0">
  <testcase name="login" time="10.257" classname="SalesForce.SalesforceAuto"/>
  <testcase name="test_clcik" time="17.165" classname="SalesForce.SalesforceAuto"/>
  <testcase name="create_new" time="33.649" classname="SalesForce.SalesforceAuto"/>
  <testcase name="chek_new" time="21.777" classname="SalesForce.SalesforceAuto"/>
  <testcase name="send_emal" time="14.2" classname="SalesForce.SalesforceAuto">
    <failure type="org.openqa.selenium.WebDriverException" message="Element &amp;lt;li class=&amp;quot;slds-button slds-button--neutral slds-truncate&amp;quot;&amp;gt; is not clickable at point (913.2750015258789,121.5) because another element &amp;lt;div class=&amp;quot;bBody&amp;quot;&amp;gt; obscures it
Build info: version: &amp;apos;3.4.0&amp;apos;, revision: &amp;apos;unknown&amp;apos;, time: &amp;apos;unknown&amp;apos;
System info: host: &amp;apos;AMW-G1&amp;apos;, ip: &amp;apos;169.254.11.92&amp;apos;, os.name: &amp;apos;Windows 10&amp;apos;, os.arch: &amp;apos;amd64&amp;apos;, os.version: &amp;apos;10.0&amp;apos;, java.version: &amp;apos;1.8.0_161&amp;apos;
Driver info: org.openqa.selenium.firefox.FirefoxDriver
Capabilities [{moz:profile=C:\Users\AL Moin Webtech\AppData\Local\Temp\rust_mozprofile.LRFmV6RPS3VP, rotatable=false, timeouts={implicit=0.0, pageLoad=300000.0, script=30000.0}, pageLoadStrategy=normal, moz:headless=false, platform=ANY, moz:accessibilityChecks=false, acceptInsecureCerts=false, browserVersion=58.0.2, platformVersion=10.0, moz:processID=17412.0, browserName=firefox, javascriptEnabled=true, platformName=windows_nt, moz:webdriverClick=true}]
Session ID: ed5415e9-a9af-40cd-9853-6d6e2d4b6be3">
      <![CDATA[org.openqa.selenium.WebDriverException: Element <li class="slds-button slds-button--neutral slds-truncate"> is not clickable at point (913.2750015258789,121.5) because another element <div class="bBody"> obscures itBuild info: version: '3.4.0', revision: 'unknown', time: 'unknown'System info: host: 'AMW-G1', ip: '169.254.11.92', os.name: 'Windows 10', os.arch: 'amd64', os.version: '10.0', java.version: '1.8.0_161'Driver info: org.openqa.selenium.firefox.FirefoxDriverCapabilities [{moz:profile=C:\Users\AL Moin Webtech\AppData\Local\Temp\rust_mozprofile.LRFmV6RPS3VP, rotatable=false, timeouts={implicit=0.0, pageLoad=300000.0, script=30000.0}, pageLoadStrategy=normal, moz:headless=false, platform=ANY, moz:accessibilityChecks=false, acceptInsecureCerts=false, browserVersion=58.0.2, platformVersion=10.0, moz:processID=17412.0, browserName=firefox, javascriptEnabled=true, platformName=windows_nt, moz:webdriverClick=true}]Session ID: ed5415e9-a9af-40cd-9853-6d6e2d4b6be3at org.openqa.selenium.remote.http.W3CHttpResponseCodec.createException(W3CHttpResponseCodec.java:150)at org.openqa.selenium.remote.http.W3CHttpResponseCodec.decode(W3CHttpResponseCodec.java:115)at org.openqa.selenium.remote.http.W3CHttpResponseCodec.decode(W3CHttpResponseCodec.java:45)at org.openqa.selenium.remote.HttpCommandExecutor.execute(HttpCommandExecutor.java:164)at org.openqa.selenium.remote.service.DriverCommandExecutor.execute(DriverCommandExecutor.java:82)at org.openqa.selenium.remote.RemoteWebDriver.execute(RemoteWebDriver.java:637)at org.openqa.selenium.remote.RemoteWebElement.execute(RemoteWebElement.java:272)at org.openqa.selenium.remote.RemoteWebElement.click(RemoteWebElement.java:82)at SalesForce.SalesforceAuto.send_emal(SalesforceAuto.java:335)... Removed 29 stack frames]]>
    </failure>
  </testcase> <!-- send_emal -->
  <testcase name="close_browser" time="3.205" classname="SalesForce.SalesforceAuto"/>
</testsuite> <!-- FirefoxTest -->
