<?xml version="1.0" encoding="UTF-8"?>
<!-- Generated by org.testng.reporters.JUnitXMLReporter -->
<testsuite hostname="amw-g1" ignored="0" name="Test" tests="2" failures="0" timestamp="19 Feb 2018 10:06:17 GMT" time="0.059" errors="0">
  <testcase name="@BeforeTest setup" time="0.0" classname="SalesForce.SalesforceAuto">
    <failure type="org.testng.TestNGException" message="
Parameter &amp;apos;browser&amp;apos; is required by BeforeTest on method setup but has not been marked @Optional or defined
in F:\ShadabAutomate\project\testng.xml">
      <![CDATA[org.testng.TestNGException: Parameter 'browser' is required by BeforeTest on method setup but has not been marked @Optional or definedin F:\ShadabAutomate\project\testng.xml... Removed 21 stack frames]]>
    </failure>
  </testcase> <!-- @BeforeTest setup -->
  <testcase name="login" time="0.0" classname="SalesForce.SalesforceAuto">
    <skipped/>
  </testcase> <!-- login -->
  <testcase name="chek_new" time="0.0" classname="SalesForce.SalesforceAuto">
    <skipped/>
  </testcase> <!-- chek_new -->
</testsuite> <!-- Test -->
