<?xml version="1.0" encoding="UTF-8"?>
<!-- Generated by org.testng.reporters.JUnitXMLReporter -->
<testsuite hostname="amw-g1" ignored="0" name="Default test" tests="6" failures="0" timestamp="23 Feb 2018 11:54:03 GMT" time="0.064" errors="0">
  <testcase name="@BeforeTest setup" time="0.0" classname="SalesForce.SalesforceAuto">
    <failure type="org.testng.TestNGException" message="
Parameter &amp;apos;browser&amp;apos; is required by BeforeTest on method setup but has not been marked @Optional or defined
in C:\Users\AL Moin Webtech\AppData\Local\Temp\testng-eclipse-601062689\testng-customsuite.xml">
      <![CDATA[org.testng.TestNGException: 
Parameter 'browser' is required by BeforeTest on method setup but has not been marked @Optional or defined
in C:\Users\AL Moin Webtech\AppData\Local\Temp\testng-eclipse-601062689\testng-customsuite.xml
at org.testng.internal.Parameters.createParams(Parameters.java:290)
at org.testng.internal.Parameters.createParametersForMethod(Parameters.java:359)
at org.testng.internal.Parameters.createParameters(Parameters.java:620)
at org.testng.internal.Parameters.createConfigurationParameters(Parameters.java:190)
at org.testng.internal.Invoker.invokeConfigurations(Invoker.java:209)
at org.testng.internal.Invoker.invokeConfigurations(Invoker.java:142)
at org.testng.TestRunner.beforeRun(TestRunner.java:529)
at org.testng.TestRunner.run(TestRunner.java:497)
at org.testng.SuiteRunner.runTest(SuiteRunner.java:455)
at org.testng.SuiteRunner.runSequentially(SuiteRunner.java:450)
at org.testng.SuiteRunner.privateRun(SuiteRunner.java:415)
at org.testng.SuiteRunner.run(SuiteRunner.java:364)
at org.testng.SuiteRunnerWorker.runSuite(SuiteRunnerWorker.java:52)
at org.testng.SuiteRunnerWorker.run(SuiteRunnerWorker.java:84)
at org.testng.TestNG.runSuitesSequentially(TestNG.java:1208)
at org.testng.TestNG.runSuitesLocally(TestNG.java:1137)
at org.testng.TestNG.runSuites(TestNG.java:1049)
at org.testng.TestNG.run(TestNG.java:1017)
at org.testng.remote.AbstractRemoteTestNG.run(AbstractRemoteTestNG.java:114)
at org.testng.remote.RemoteTestNG.initAndRun(RemoteTestNG.java:251)
at org.testng.remote.RemoteTestNG.main(RemoteTestNG.java:77)
]]>
    </failure>
  </testcase> <!-- @BeforeTest setup -->
  <testcase name="login" time="0.0" classname="SalesForce.SalesforceAuto">
    <skipped/>
  </testcase> <!-- login -->
  <testcase name="test_clcik" time="0.0" classname="SalesForce.SalesforceAuto">
    <skipped/>
  </testcase> <!-- test_clcik -->
  <testcase name="create_new" time="0.0" classname="SalesForce.SalesforceAuto">
    <skipped/>
  </testcase> <!-- create_new -->
  <testcase name="chek_new" time="0.0" classname="SalesForce.SalesforceAuto">
    <skipped/>
  </testcase> <!-- chek_new -->
  <testcase name="send_email" time="0.0" classname="SalesForce.SalesforceAuto">
    <skipped/>
  </testcase> <!-- send_email -->
  <testcase name="Conver_PoGnerator" time="0.0" classname="SalesForce.SalesforceAuto">
    <skipped/>
  </testcase> <!-- Conver_PoGnerator -->
</testsuite> <!-- Default test -->
